<?xml version="1.0" encoding="UTF-8"?>
<!-- Generated by org.testng.reporters.JUnitReportReporter -->
<testsuite hostname="DESKTOP-6VEAE9B" failures="0" tests="4" name="testingTestNg.CrossBrowser" time="-1698129280.000" errors="1" timestamp="2023-10-24T12:04:59 IST" skipped="3">
  <testcase classname="testingTestNg.CrossBrowser" name="browserSetup" time="-1698129280.000">
    <error message="
Parameter &#039;browser&#039; is required by BeforeTest on method browserSetup but has not been marked @Optional or defined
in C:\Users\Lenovo\eclipse-workspace\MavenAutomation\retrytest.xml" type="org.testng.TestNGException">
      <![CDATA[org.testng.TestNGException: 
Parameter 'browser' is required by BeforeTest on method browserSetup but has not been marked @Optional or defined
in C:\Users\Lenovo\eclipse-workspace\MavenAutomation\retrytest.xml
at org.testng.internal.Parameters.createParams(Parameters.java:267)
at org.testng.internal.Parameters.createParametersForMethod(Parameters.java:355)
at org.testng.internal.Parameters.createParameters(Parameters.java:684)
at org.testng.internal.Parameters.createConfigurationParameters(Parameters.java:166)
at org.testng.internal.invokers.ConfigInvoker.invokeConfigurations(ConfigInvoker.java:306)
at org.testng.TestRunner.invokeTestConfigurations(TestRunner.java:663)
at org.testng.TestRunner.beforeRun(TestRunner.java:652)
at org.testng.TestRunner.run(TestRunner.java:614)
at org.testng.SuiteRunner.runTest(SuiteRunner.java:443)
at org.testng.SuiteRunner.runSequentially(SuiteRunner.java:437)
at org.testng.SuiteRunner.privateRun(SuiteRunner.java:397)
at org.testng.SuiteRunner.run(SuiteRunner.java:336)
at org.testng.SuiteRunnerWorker.runSuite(SuiteRunnerWorker.java:52)
at org.testng.SuiteRunnerWorker.run(SuiteRunnerWorker.java:95)
at org.testng.TestNG.runSuitesSequentially(TestNG.java:1280)
at org.testng.TestNG.runSuitesLocally(TestNG.java:1200)
at org.testng.TestNG.runSuites(TestNG.java:1114)
at org.testng.TestNG.run(TestNG.java:1082)
at org.testng.remote.AbstractRemoteTestNG.run(AbstractRemoteTestNG.java:115)
at org.testng.remote.RemoteTestNG.initAndRun(RemoteTestNG.java:251)
at org.testng.remote.RemoteTestNG.main(RemoteTestNG.java:77)
]]>
    </error>
  </testcase> <!-- browserSetup -->
  <testcase classname="testingTestNg.CrossBrowser" name="checkUrl" time="0.001">
    <skipped/>
  </testcase> <!-- checkUrl -->
  <testcase classname="testingTestNg.CrossBrowser" name="chechEnter" time="0.001">
    <skipped/>
  </testcase> <!-- chechEnter -->
  <testcase classname="testingTestNg.CrossBrowser" name="clickImage" time="0.000">
    <skipped/>
  </testcase> <!-- clickImage -->
</testsuite> <!-- testingTestNg.CrossBrowser -->
